<?xml version="1.0" encoding="UTF-8"?>
<testsuite xmlns:xsi="http://www.w3.org/2001/XMLSchema-instance" xsi:noNamespaceSchemaLocation="https://maven.apache.org/surefire/maven-surefire-plugin/xsd/surefire-test-report-3.0.xsd" version="3.0" name="com.prescribenow.ffsdk.launchdarkly.utils.LaunchDarklyUtilsTest" time="1.17" tests="1" errors="0" skipped="0" failures="0">
  <properties>
[...]
</properties>
  <testcase name="createLdClientTest" classname="com.prescribenow.ffsdk.launchdarkly.utils.LaunchDarklyUtilsTest" time="1.082">
    <system-out><![CDATA[22:11:02.419 [LaunchDarkly-tasks-0] DEBUG com.launchdarkly.sdk.server.LDClient.Events - Posting diagnostic event to https://events.launchdarkly.com/diagnostic with payload: {"configuration":{"usingProxyAuthenticator":false,"customEventsURI":false,"eventsFlushIntervalMillis":3000,"eventsCapacity":10000,"userKeysCapacity":1000,"userKeysFlushIntervalMillis":300000,"dataStoreType":"memory","samplingInterval":0,"socketTimeoutMillis":500000,"streamingDisabled":false,"usingRelayDaemon":false,"connectTimeoutMillis":500000,"diagnosticRecordingIntervalMillis":900000,"customStreamURI":false,"customBaseURI":false,"usingProxy":false,"reconnectTimeMillis":1000,"startWaitMillis":5000,"allAttributesPrivate":false},"kind":"diagnostic-init","id":{"diagnosticId":"0497a54d-80e8-4093-bd75-59a3c8096511","sdkKeySuffix":"t-ket,"},"sdk":{"name":"java-server-sdk","version":"6.0.1"},"creationDate":1.673331062119E12,"platform":{"osVersion":"12.6.1","javaVersion":"17.0.4.1","osArch":"aarch64","name":"java","javaVendor":"Eclipse Adoptium","osName":"MacOS"}}
22:11:02.422 [main] INFO com.launchdarkly.sdk.server.LDClient.DataSource - Enabling streaming API
22:11:02.434 [main] INFO com.launchdarkly.sdk.server.LDClient - Waiting up to 5000 milliseconds for LaunchDarkly client to start...
22:11:02.434 [LaunchDarkly-streaming] DEBUG com.launchdarkly.sdk.server.LDClient.DataSource - Attempting to connect to SSE stream at https://stream.launchdarkly.com/all
22:11:03.124 [LaunchDarkly-streaming] INFO com.launchdarkly.sdk.server.LDClient.DataSource - Server returned HTTP error 401
22:11:03.128 [LaunchDarkly-streaming] DEBUG com.launchdarkly.sdk.server.LDClient.DataSource - Received StreamEvent: FaultEvent(com.launchdarkly.shaded.com.launchdarkly.eventsource.StreamHttpErrorException: Server returned HTTP error 401)
22:11:03.130 [LaunchDarkly-streaming] WARN com.launchdarkly.sdk.server.LDClient.DataSource - Encountered EventSource error: {}
com.launchdarkly.shaded.com.launchdarkly.eventsource.StreamHttpErrorException: Server returned HTTP error 401
	at com.launchdarkly.shaded.com.launchdarkly.eventsource.HttpConnectStrategy$Client.connect(HttpConnectStrategy.java:461)
	at com.launchdarkly.shaded.com.launchdarkly.eventsource.EventSource.tryStart(EventSource.java:292)
	at com.launchdarkly.shaded.com.launchdarkly.eventsource.EventSource.requireEvent(EventSource.java:580)
	at com.launchdarkly.shaded.com.launchdarkly.eventsource.EventSource.access$1200(EventSource.java:58)
	at com.launchdarkly.shaded.com.launchdarkly.eventsource.EventSource$IteratorImpl.hasNext(EventSource.java:556)
	at com.launchdarkly.sdk.server.StreamProcessor.lambda$start$1(StreamProcessor.java:185)
	at java.base/java.lang.Thread.run(Thread.java:833)
22:11:03.131 [LaunchDarkly-streaming] ERROR com.launchdarkly.sdk.server.LDClient.DataSource - Error in stream connection (giving up permanently): HTTP error 401 (invalid SDK key)
22:11:03.131 [main] WARN com.launchdarkly.sdk.server.LDClient - LaunchDarkly client was not successfully initialized
]]></system-out>
  </testcase>
</testsuite>